2021-12-31 23:58:22.587 [InitializeListener.java:28][localhost-startStop-1][DEBUG] - 开始执行初始化任务
2021-12-31 23:58:25.241 [MsgReceiver.java:64][localhost-startStop-1][DEBUG] - 启动设备数据监听，监听端口：3131
2021-12-31 23:58:25.373 [MsgReceiver.java:97][localhost-startStop-1][DEBUG] - 启动柜台数据监听，监听端口：5151
2021-12-31 23:58:25.473 [ServerinfoService.java:43][localhost-startStop-1][DEBUG] - 服务器第一次启动时间：2015-03-20 17:44:54.0
2021-12-31 23:58:25.781 [FtpServerListener.java:47][localhost-startStop-1][DEBUG] - 启动FtpServer
2015-11-12 14:02:39.735 [InitializeListener.java:28][localhost-startStop-1][DEBUG] - 开始执行初始化任务
2015-11-12 14:02:40.491 [ServerinfoService.java:34][localhost-startStop-1][DEBUG] - 服务信息列表为空，无法记录启动时间
2015-11-12 14:02:40.811 [MsgReceiver.java:64][localhost-startStop-1][DEBUG] - 启动设备数据监听，监听端口：3131
2015-11-12 14:02:41.014 [MsgReceiver.java:97][localhost-startStop-1][DEBUG] - 启动柜台数据监听，监听端口：5151
2015-11-12 14:02:43.666 [FtpServerListener.java:47][localhost-startStop-1][DEBUG] - 启动FtpServer
2015-11-12 14:03:20.785 [WelcomeAction.java:40][http-apr-80-exec-8][DEBUG] - 来自127.0.0.1的访问
2015-11-12 14:03:20.907 [SessionListener.java:29][http-apr-80-exec-8][DEBUG] - 会话创建，id：4937381B06FE02A199C5CC8FEBBCA4DA
2015-11-12 14:03:24.267 [LogonAction.java:57][http-apr-80-exec-9][DEBUG] - 用户admin登录
2015-11-12 14:03:24.574 [HomepageMainAction.java:77][http-apr-80-exec-1][INFO] - 用户admin进入首页
2015-11-12 14:03:24.787 [HomepageMainAction.java:115][http-apr-80-exec-2][DEBUG] - id：1
2015-11-12 14:03:24.788 [HomepageMainAction.java:117][http-apr-80-exec-2][DEBUG] - pid：0
2015-11-12 14:03:24.789 [HomepageMainAction.java:119][http-apr-80-exec-2][DEBUG] - name：业务查询
2015-11-12 14:03:24.790 [HomepageMainAction.java:128][http-apr-80-exec-2][DEBUG] - isparent：true
2015-11-12 14:03:24.791 [HomepageMainAction.java:130][http-apr-80-exec-2][DEBUG] - url：
2015-11-12 14:03:24.791 [HomepageMainAction.java:132][http-apr-80-exec-2][DEBUG] - icon：res/css/zTreeStyle/img/diy/iconBusinessOC.png
2015-11-12 14:03:24.792 [HomepageMainAction.java:134][http-apr-80-exec-2][DEBUG] - target：ui-layout-box
2015-11-12 14:03:24.792 [HomepageMainAction.java:115][http-apr-80-exec-2][DEBUG] - id：2
2015-11-12 14:03:24.793 [HomepageMainAction.java:117][http-apr-80-exec-2][DEBUG] - pid：0
2015-11-12 14:03:24.793 [HomepageMainAction.java:119][http-apr-80-exec-2][DEBUG] - name：远程控制
2015-11-12 14:03:24.794 [HomepageMainAction.java:128][http-apr-80-exec-2][DEBUG] - isparent：true
2015-11-12 14:03:24.795 [HomepageMainAction.java:130][http-apr-80-exec-2][DEBUG] - url：
2015-11-12 14:03:24.796 [HomepageMainAction.java:132][http-apr-80-exec-2][DEBUG] - icon：res/css/zTreeStyle/img/diy/iconRemoteOC.png
2015-11-12 14:03:24.797 [HomepageMainAction.java:134][http-apr-80-exec-2][DEBUG] - target：ui-layout-box
2015-11-12 14:03:24.798 [HomepageMainAction.java:115][http-apr-80-exec-2][DEBUG] - id：3
2015-11-12 14:03:24.799 [HomepageMainAction.java:117][http-apr-80-exec-2][DEBUG] - pid：0
2015-11-12 14:03:24.799 [HomepageMainAction.java:119][http-apr-80-exec-2][DEBUG] - name：系统管理
2015-11-12 14:03:24.800 [HomepageMainAction.java:128][http-apr-80-exec-2][DEBUG] - isparent：true
2015-11-12 14:03:24.801 [HomepageMainAction.java:130][http-apr-80-exec-2][DEBUG] - url：
2015-11-12 14:03:24.801 [HomepageMainAction.java:132][http-apr-80-exec-2][DEBUG] - icon：res/css/zTreeStyle/img/diy/iconConsole.png
2015-11-12 14:03:24.802 [HomepageMainAction.java:134][http-apr-80-exec-2][DEBUG] - target：ui-layout-box
2015-11-12 14:03:24.802 [HomepageMainAction.java:115][http-apr-80-exec-2][DEBUG] - id：4
2015-11-12 14:03:24.803 [HomepageMainAction.java:117][http-apr-80-exec-2][DEBUG] - pid：1
2015-11-12 14:03:24.804 [HomepageMainAction.java:119][http-apr-80-exec-2][DEBUG] - name：历史业务统计
2015-11-12 14:03:24.804 [HomepageMainAction.java:128][http-apr-80-exec-2][DEBUG] - isparent：true
2015-11-12 14:03:24.805 [HomepageMainAction.java:130][http-apr-80-exec-2][DEBUG] - url：
2015-11-12 14:03:24.805 [HomepageMainAction.java:132][http-apr-80-exec-2][DEBUG] - icon：res/css/zTreeStyle/img/diy/iconHistoryOC.png
2015-11-12 14:03:24.806 [HomepageMainAction.java:134][http-apr-80-exec-2][DEBUG] - target：ui-layout-box
2015-11-12 14:03:24.806 [HomepageMainAction.java:115][http-apr-80-exec-2][DEBUG] - id：5
2015-11-12 14:03:24.807 [HomepageMainAction.java:117][http-apr-80-exec-2][DEBUG] - pid：4
2015-11-12 14:03:24.808 [HomepageMainAction.java:119][http-apr-80-exec-2][DEBUG] - name：按交易时间查询
2015-11-12 14:03:24.809 [HomepageMainAction.java:128][http-apr-80-exec-2][DEBUG] - isparent：false
2015-11-12 14:03:24.809 [HomepageMainAction.java:130][http-apr-80-exec-2][DEBUG] - url：business/statistics/querybytime/main/toUI.action
2015-11-12 14:03:24.810 [HomepageMainAction.java:132][http-apr-80-exec-2][DEBUG] - icon：res/css/zTreeStyle/img/diy/iconTime.png
2015-11-12 14:03:24.810 [HomepageMainAction.java:134][http-apr-80-exec-2][DEBUG] - target：ui-layout-box
2015-11-12 14:03:24.811 [HomepageMainAction.java:115][http-apr-80-exec-2][DEBUG] - id：6
2015-11-12 14:03:24.812 [HomepageMainAction.java:117][http-apr-80-exec-2][DEBUG] - pid：4
2015-11-12 14:03:24.813 [HomepageMainAction.java:119][http-apr-80-exec-2][DEBUG] - name：按业务类型查询
2015-11-12 14:03:24.814 [HomepageMainAction.java:128][http-apr-80-exec-2][DEBUG] - isparent：false
2015-11-12 14:03:24.814 [HomepageMainAction.java:130][http-apr-80-exec-2][DEBUG] - url：business/statistics/querybydeal/main/toUI.action
2015-11-12 14:03:24.815 [HomepageMainAction.java:132][http-apr-80-exec-2][DEBUG] - icon：res/css/zTreeStyle/img/diy/iconBusiness.png
2015-11-12 14:03:24.816 [HomepageMainAction.java:134][http-apr-80-exec-2][DEBUG] - target：ui-layout-box
2015-11-12 14:03:24.817 [HomepageMainAction.java:115][http-apr-80-exec-2][DEBUG] - id：7
2015-11-12 14:03:24.818 [HomepageMainAction.java:117][http-apr-80-exec-2][DEBUG] - pid：4
2015-11-12 14:03:24.818 [HomepageMainAction.java:119][http-apr-80-exec-2][DEBUG] - name：按网点查询
2015-11-12 14:03:24.819 [HomepageMainAction.java:128][http-apr-80-exec-2][DEBUG] - isparent：false
2015-11-12 14:03:24.819 [HomepageMainAction.java:130][http-apr-80-exec-2][DEBUG] - url：business/statistics/querybyoutlets/main/toUI.action
2015-11-12 14:03:24.820 [HomepageMainAction.java:132][http-apr-80-exec-2][DEBUG] - icon：res/css/zTreeStyle/img/diy/iconSearchNetstation.png
2015-11-12 14:03:24.822 [HomepageMainAction.java:134][http-apr-80-exec-2][DEBUG] - target：ui-layout-box
2015-11-12 14:03:24.823 [HomepageMainAction.java:115][http-apr-80-exec-2][DEBUG] - id：8
2015-11-12 14:03:24.824 [HomepageMainAction.java:117][http-apr-80-exec-2][DEBUG] - pid：2
2015-11-12 14:03:24.824 [HomepageMainAction.java:119][http-apr-80-exec-2][DEBUG] - name：设备管理
2015-11-12 14:03:24.830 [HomepageMainAction.java:128][http-apr-80-exec-2][DEBUG] - isparent：true
2015-11-12 14:03:24.831 [HomepageMainAction.java:130][http-apr-80-exec-2][DEBUG] - url：
2015-11-12 14:03:24.831 [HomepageMainAction.java:132][http-apr-80-exec-2][DEBUG] - icon：res/css/zTreeStyle/img/diy/iconDeviceOC.png
2015-11-12 14:03:24.832 [HomepageMainAction.java:134][http-apr-80-exec-2][DEBUG] - target：ui-layout-box
2015-11-12 14:03:24.833 [HomepageMainAction.java:115][http-apr-80-exec-2][DEBUG] - id：9
2015-11-12 14:03:24.833 [HomepageMainAction.java:117][http-apr-80-exec-2][DEBUG] - pid：8
2015-11-12 14:03:24.833 [HomepageMainAction.java:119][http-apr-80-exec-2][DEBUG] - name：设备查询
2015-11-12 14:03:24.834 [HomepageMainAction.java:128][http-apr-80-exec-2][DEBUG] - isparent：false
2015-11-12 14:03:24.834 [HomepageMainAction.java:130][http-apr-80-exec-2][DEBUG] - url：device/devicequery/main/toUI.action
2015-11-12 14:03:24.835 [HomepageMainAction.java:132][http-apr-80-exec-2][DEBUG] - icon：res/css/zTreeStyle/img/diy/iconQuery.png
2015-11-12 14:03:24.835 [HomepageMainAction.java:134][http-apr-80-exec-2][DEBUG] - target：ui-layout-box
2015-11-12 14:03:24.836 [HomepageMainAction.java:115][http-apr-80-exec-2][DEBUG] - id：10
2015-11-12 14:03:24.836 [HomepageMainAction.java:117][http-apr-80-exec-2][DEBUG] - pid：8
2015-11-12 14:03:24.837 [HomepageMainAction.java:119][http-apr-80-exec-2][DEBUG] - name：固件升级
2015-11-12 14:03:24.837 [HomepageMainAction.java:128][http-apr-80-exec-2][DEBUG] - isparent：false
2015-11-12 14:03:24.838 [HomepageMainAction.java:130][http-apr-80-exec-2][DEBUG] - url：device/remotecontrol/firmwareupdate/main/toUI.action
2015-11-12 14:03:24.839 [HomepageMainAction.java:132][http-apr-80-exec-2][DEBUG] - icon：res/css/zTreeStyle/img/diy/iconRom.png
2015-11-12 14:03:24.839 [HomepageMainAction.java:134][http-apr-80-exec-2][DEBUG] - target：ui-layout-box
2015-11-12 14:03:24.839 [HomepageMainAction.java:115][http-apr-80-exec-2][DEBUG] - id：11
2015-11-12 14:03:24.840 [HomepageMainAction.java:117][http-apr-80-exec-2][DEBUG] - pid：8
2015-11-12 14:03:24.840 [HomepageMainAction.java:119][http-apr-80-exec-2][DEBUG] - name：应用发布
2015-11-12 14:03:24.841 [HomepageMainAction.java:128][http-apr-80-exec-2][DEBUG] - isparent：false
2015-11-12 14:03:24.841 [HomepageMainAction.java:130][http-apr-80-exec-2][DEBUG] - url：device/remotecontrol/appupdate/main/toUI.action
2015-11-12 14:03:24.841 [HomepageMainAction.java:132][http-apr-80-exec-2][DEBUG] - icon：res/css/zTreeStyle/img/diy/iconApp.png
2015-11-12 14:03:24.843 [HomepageMainAction.java:134][http-apr-80-exec-2][DEBUG] - target：ui-layout-box
2015-11-12 14:03:24.844 [HomepageMainAction.java:115][http-apr-80-exec-2][DEBUG] - id：12
2015-11-12 14:03:24.845 [HomepageMainAction.java:117][http-apr-80-exec-2][DEBUG] - pid：2
2015-11-12 14:03:24.846 [HomepageMainAction.java:119][http-apr-80-exec-2][DEBUG] - name：柜面应用升级
2015-11-12 14:03:24.846 [HomepageMainAction.java:128][http-apr-80-exec-2][DEBUG] - isparent：false
2015-11-12 14:03:24.846 [HomepageMainAction.java:130][http-apr-80-exec-2][DEBUG] - url：device/remotecontrol/counterappupdate/main/toUI.action
2015-11-12 14:03:24.847 [HomepageMainAction.java:132][http-apr-80-exec-2][DEBUG] - icon：res/css/zTreeStyle/img/diy/iconTellerApps.png
2015-11-12 14:03:24.858 [HomepageMainAction.java:134][http-apr-80-exec-2][DEBUG] - target：ui-layout-box
2015-11-12 14:03:24.859 [HomepageMainAction.java:115][http-apr-80-exec-2][DEBUG] - id：13
2015-11-12 14:03:24.859 [HomepageMainAction.java:117][http-apr-80-exec-2][DEBUG] - pid：3
2015-11-12 14:03:24.860 [HomepageMainAction.java:119][http-apr-80-exec-2][DEBUG] - name：用户管理
2015-11-12 14:03:24.861 [HomepageMainAction.java:128][http-apr-80-exec-2][DEBUG] - isparent：false
2015-11-12 14:03:24.862 [HomepageMainAction.java:130][http-apr-80-exec-2][DEBUG] - url：system/user/main/mainUI.action
2015-11-12 14:03:24.863 [HomepageMainAction.java:132][http-apr-80-exec-2][DEBUG] - icon：res/css/zTreeStyle/img/diy/iconUser.png
2015-11-12 14:03:24.863 [HomepageMainAction.java:134][http-apr-80-exec-2][DEBUG] - target：ui-layout-box
2015-11-12 14:03:24.864 [HomepageMainAction.java:115][http-apr-80-exec-2][DEBUG] - id：14
2015-11-12 14:03:24.864 [HomepageMainAction.java:117][http-apr-80-exec-2][DEBUG] - pid：3
2015-11-12 14:03:24.864 [HomepageMainAction.java:119][http-apr-80-exec-2][DEBUG] - name：业务管理
2015-11-12 14:03:24.865 [HomepageMainAction.java:128][http-apr-80-exec-2][DEBUG] - isparent：false
2015-11-12 14:03:24.866 [HomepageMainAction.java:130][http-apr-80-exec-2][DEBUG] - url：system/business/main/toUI.action
2015-11-12 14:03:24.866 [HomepageMainAction.java:132][http-apr-80-exec-2][DEBUG] - icon：res/css/zTreeStyle/img/diy/iconType.png
2015-11-12 14:03:24.867 [HomepageMainAction.java:134][http-apr-80-exec-2][DEBUG] - target：ui-layout-box
2015-11-12 14:03:24.867 [HomepageMainAction.java:115][http-apr-80-exec-2][DEBUG] - id：15
2015-11-12 14:03:24.868 [HomepageMainAction.java:117][http-apr-80-exec-2][DEBUG] - pid：3
2015-11-12 14:03:24.868 [HomepageMainAction.java:119][http-apr-80-exec-2][DEBUG] - name：网点管理
2015-11-12 14:03:24.868 [HomepageMainAction.java:128][http-apr-80-exec-2][DEBUG] - isparent：false
2015-11-12 14:03:24.869 [HomepageMainAction.java:130][http-apr-80-exec-2][DEBUG] - url：system/outlets/main/toUI.action
2015-11-12 14:03:24.870 [HomepageMainAction.java:132][http-apr-80-exec-2][DEBUG] - icon：res/css/zTreeStyle/img/diy/iconSetNetstation.png
2015-11-12 14:03:24.872 [HomepageMainAction.java:134][http-apr-80-exec-2][DEBUG] - target：ui-layout-box
2015-11-12 14:03:24.873 [HomepageMainAction.java:115][http-apr-80-exec-2][DEBUG] - id：16
2015-11-12 14:03:24.874 [HomepageMainAction.java:117][http-apr-80-exec-2][DEBUG] - pid：3
2015-11-12 14:03:24.874 [HomepageMainAction.java:119][http-apr-80-exec-2][DEBUG] - name：下载中心管理
2015-11-12 14:03:24.875 [HomepageMainAction.java:128][http-apr-80-exec-2][DEBUG] - isparent：false
2015-11-12 14:03:24.875 [HomepageMainAction.java:130][http-apr-80-exec-2][DEBUG] - url：system/download/main/toDownloadManage.action
2015-11-12 14:03:24.876 [HomepageMainAction.java:132][http-apr-80-exec-2][DEBUG] - icon：res/css/zTreeStyle/img/diy/iconNet.png
2015-11-12 14:03:24.876 [HomepageMainAction.java:134][http-apr-80-exec-2][DEBUG] - target：ui-layout-box
