2016-01-01 00:00:02.384 [Slf4jLogFilter.java:134][pool-2-thread-1][DEBUG] - {conn-10020, pstmt-20001} update executed. effort 0. 2357.833427 millis. 
CALL PROC_BUSINESSSTATISTICS_YEAR_PARTITION()
2016-01-01 00:00:02.406 [Slf4jLogFilter.java:134][pool-2-thread-1][DEBUG] - {conn-10020, pstmt-20010, rs-50010} query executed. 1.181459 millis. 
select outlets0_.outlets_id as outlets_1_20_, outlets0_.outlets_app as outlets_2_20_, outlets0_.outlets_code as outlets_3_20_, outlets0_.outlets_description as outlets_4_20_, outlets0_.outlets_isparent as outlets_5_20_, outlets0_.outlets_name as outlets_6_20_, outlets0_.outlets_parentid as outlets_7_20_, outlets0_.outlets_recordcode as outlets_8_20_, outlets0_.outlets_sortid as outlets_9_20_ from ibs_outlets outlets0_ order by outlets0_.outlets_sortid
2016-01-01 00:00:02.467 [Slf4jLogFilter.java:134][pool-2-thread-1][DEBUG] - {conn-10020, pstmt-20011} update executed. effort 1. 1.532382 millis. 
update ibs_outlets set outlets_app=?, outlets_code=?, outlets_description=?, outlets_isparent=?, outlets_name=?, outlets_parentid=?, outlets_recordcode=?, outlets_sortid=? where outlets_id=?
2016-01-01 00:00:02.619 [Slf4jLogFilter.java:134][pool-2-thread-1][DEBUG] - {conn-10020, pstmt-20011} update executed. effort 1. 0.579084 millis. 
update ibs_outlets set outlets_app=?, outlets_code=?, outlets_description=?, outlets_isparent=?, outlets_name=?, outlets_parentid=?, outlets_recordcode=?, outlets_sortid=? where outlets_id=?
2016-01-01 00:00:06.546 [Slf4jLogFilter.java:134][pool-2-thread-1][DEBUG] - {conn-10020, pstmt-20000} update executed. effort 0. 3827.4242 millis. 
CALL PROC_BUSINESSRECORD_MONTH_PARTITION()
2015-11-30 23:59:03.887 [Slf4jLogFilter.java:134][localhost-startStop-1][DEBUG] - {conn-10020, pstmt-20000, rs-50000} query executed. 8.138759 millis. 
select devicestat0_.devicestatus_id as devicest1_12_, devicestat0_.devicestatus_code as devicest2_12_, devicestat0_.devicestatus_description as devicest3_12_ from ibs_devicestatus devicestat0_ where devicestat0_.devicestatus_code=?
2015-11-30 23:59:03.930 [Slf4jLogFilter.java:134][localhost-startStop-1][DEBUG] - {conn-10020, pstmt-20000, rs-50001} query executed. 0.714085 millis. 
select devicestat0_.devicestatus_id as devicest1_12_, devicestat0_.devicestatus_code as devicest2_12_, devicestat0_.devicestatus_description as devicest3_12_ from ibs_devicestatus devicestat0_ where devicestat0_.devicestatus_code=?
2015-11-30 23:59:03.957 [Slf4jLogFilter.java:134][localhost-startStop-1][DEBUG] - {conn-10020, pstmt-20001, rs-50002} query executed. 0.688032 millis. 
select device0_.device_id as device_i1_11_, device0_.device_app as device_a2_11_, device0_.device_firmware as device_f3_11_, device0_.device_ip as device_i4_11_, device0_.device_outlets as device_o5_11_, device0_.device_serial as device_s6_11_, device0_.device_status as device_s7_11_, device0_.device_type as device_t8_11_ from ibs_device device0_ where device0_.device_status=?
2015-11-30 23:59:05.573 [Slf4jLogFilter.java:134][localhost-startStop-1][DEBUG] - {conn-10020, pstmt-20002} update executed. effort 0. 998.959464 millis. 
CALL PROC_BUSINESSRECORD_MONTH_PARTITION()
2015-11-30 23:59:05.585 [Slf4jLogFilter.java:134][localhost-startStop-1][DEBUG] - {conn-10020, pstmt-20003} update executed. effort 0. 7.838756 millis. 
CALL PROC_BUSINESSSTATISTICS_YEAR_PARTITION()
2015-11-30 23:59:05.661 [Slf4jLogFilter.java:134][localhost-startStop-1][DEBUG] - {conn-10020, pstmt-20004, rs-50003} query executed. 5.182943 millis. 
select businessre0_.businessrecord_id as business1_4_, businessre0_.businessrecord_time as business2_4_, businessre0_.businessrecord_business as business3_4_, businessre0_.businessrecord_code as business4_4_, businessre0_.businessrecord_data as business5_4_, businessre0_.businessrecord_device as business6_4_, businessre0_.businessrecord_outlets as business7_4_ from ibs_businessrecord businessre0_ where businessre0_.businessrecord_time>=?
2015-11-30 23:59:05.681 [Slf4jLogFilter.java:134][localhost-startStop-1][DEBUG] - {conn-10020, pstmt-20005, rs-50004} query executed. 0.788691 millis. 
select this_.outlets_id as outlets_1_20_0_, this_.outlets_app as outlets_2_20_0_, this_.outlets_code as outlets_3_20_0_, this_.outlets_description as outlets_4_20_0_, this_.outlets_isparent as outlets_5_20_0_, this_.outlets_name as outlets_6_20_0_, this_.outlets_parentid as outlets_7_20_0_, this_.outlets_recordcode as outlets_8_20_0_, this_.outlets_sortid as outlets_9_20_0_ from ibs_outlets this_
2015-11-30 23:59:05.728 [Slf4jLogFilter.java:134][localhost-startStop-1][DEBUG] - {conn-10020, pstmt-20006, rs-50005} query executed. 1.488961 millis. 
select this_.business_id as business1_3_0_, this_.business_app as business2_3_0_, this_.business_code as business3_3_0_, this_.business_feature as business4_3_0_, this_.business_isparent as business5_3_0_, this_.business_name as business6_3_0_, this_.business_parentid as business7_3_0_, this_.business_sortid as business8_3_0_ from ibs_business this_
2015-11-30 23:59:05.788 [Slf4jLogFilter.java:134][localhost-startStop-1][DEBUG] - {conn-10020, pstmt-20005, rs-50006} query executed. 4.061485 millis. 
select this_.outlets_id as outlets_1_20_0_, this_.outlets_app as outlets_2_20_0_, this_.outlets_code as outlets_3_20_0_, this_.outlets_description as outlets_4_20_0_, this_.outlets_isparent as outlets_5_20_0_, this_.outlets_name as outlets_6_20_0_, this_.outlets_parentid as outlets_7_20_0_, this_.outlets_recordcode as outlets_8_20_0_, this_.outlets_sortid as outlets_9_20_0_ from ibs_outlets this_
2015-11-30 23:59:05.811 [Slf4jLogFilter.java:134][localhost-startStop-1][DEBUG] - {conn-10020, pstmt-20007, rs-50007} query executed. 0.941061 millis. 
select this_.devicetype_id as devicety1_14_0_, this_.devicetype_code as devicety2_14_0_, this_.devicetype_description as devicety3_14_0_ from ibs_devicetype this_
2015-11-30 23:59:05.866 [Slf4jLogFilter.java:134][localhost-startStop-1][DEBUG] - {conn-10020, pstmt-20008, rs-50008} query executed. 4.634253 millis. 
select this_.devicestatus_id as devicest1_12_0_, this_.devicestatus_code as devicest2_12_0_, this_.devicestatus_description as devicest3_12_0_ from ibs_devicestatus this_
2015-11-30 23:59:05.937 [Slf4jLogFilter.java:134][localhost-startStop-1][DEBUG] - {conn-10020, pstmt-20009, rs-50009} query executed. 1.44475 millis. 
select this_.serverinfo_id as serverin1_22_0_, this_.serverinfo_firststartuptime as serverin2_22_0_, this_.serverinfo_laststartuptime as serverin3_22_0_, this_.serverinfo_laststatisticstime as serverin4_22_0_ from ibs_serverinfo this_
2015-12-01 00:00:00.034 [Slf4jLogFilter.java:134][pool-2-thread-1][DEBUG] - {conn-10020, pstmt-20010, rs-50010} query executed. 0.740534 millis. 
select outlets0_.outlets_id as outlets_1_20_, outlets0_.outlets_app as outlets_2_20_, outlets0_.outlets_code as outlets_3_20_, outlets0_.outlets_description as outlets_4_20_, outlets0_.outlets_isparent as outlets_5_20_, outlets0_.outlets_name as outlets_6_20_, outlets0_.outlets_parentid as outlets_7_20_, outlets0_.outlets_recordcode as outlets_8_20_, outlets0_.outlets_sortid as outlets_9_20_ from ibs_outlets outlets0_ order by outlets0_.outlets_sortid
2015-12-01 00:00:00.161 [Slf4jLogFilter.java:134][pool-2-thread-1][DEBUG] - {conn-10020, pstmt-20011} update executed. effort 1. 1.744753 millis. 
update ibs_outlets set outlets_app=?, outlets_code=?, outlets_description=?, outlets_isparent=?, outlets_name=?, outlets_parentid=?, outlets_recordcode=?, outlets_sortid=? where outlets_id=?
2015-12-01 00:00:00.216 [Slf4jLogFilter.java:134][pool-2-thread-1][DEBUG] - {conn-10020, pstmt-20011} update executed. effort 1. 0.660401 millis. 
update ibs_outlets set outlets_app=?, outlets_code=?, outlets_description=?, outlets_isparent=?, outlets_name=?, outlets_parentid=?, outlets_recordcode=?, outlets_sortid=? where outlets_id=?
2015-12-01 00:00:01.266 [Slf4jLogFilter.java:134][pool-2-thread-1][DEBUG] - {conn-10020, pstmt-20002} update executed. effort 0. 960.94043 millis. 
CALL PROC_BUSINESSRECORD_MONTH_PARTITION()
2015-10-31 23:59:03.952 [Slf4jLogFilter.java:134][localhost-startStop-1][DEBUG] - {conn-10020, pstmt-20000, rs-50000} query executed. 9.368771 millis. 
select this_.serverinfo_id as serverin1_22_0_, this_.serverinfo_firststartuptime as serverin2_22_0_, this_.serverinfo_laststartuptime as serverin3_22_0_, this_.serverinfo_laststatisticstime as serverin4_22_0_ from ibs_serverinfo this_
2015-10-31 23:59:04.228 [Slf4jLogFilter.java:134][localhost-startStop-1][DEBUG] - {conn-10020, pstmt-20001} update executed. effort 1. 0.881061 millis. 
update ibs_serverinfo set serverinfo_firststartuptime=?, serverinfo_laststartuptime=?, serverinfo_laststatisticstime=? where serverinfo_id=?
2015-10-31 23:59:04.322 [Slf4jLogFilter.java:134][localhost-startStop-1][DEBUG] - {conn-10020, pstmt-20002, rs-50001} query executed. 7.109671 millis. 
select this_.business_id as business1_3_0_, this_.business_app as business2_3_0_, this_.business_code as business3_3_0_, this_.business_feature as business4_3_0_, this_.business_isparent as business5_3_0_, this_.business_name as business6_3_0_, this_.business_parentid as business7_3_0_, this_.business_sortid as business8_3_0_ from ibs_business this_
2015-10-31 23:59:04.384 [Slf4jLogFilter.java:134][localhost-startStop-1][DEBUG] - {conn-10020, pstmt-20003, rs-50002} query executed. 1.477908 millis. 
select this_.outlets_id as outlets_1_20_0_, this_.outlets_app as outlets_2_20_0_, this_.outlets_code as outlets_3_20_0_, this_.outlets_description as outlets_4_20_0_, this_.outlets_isparent as outlets_5_20_0_, this_.outlets_name as outlets_6_20_0_, this_.outlets_parentid as outlets_7_20_0_, this_.outlets_recordcode as outlets_8_20_0_, this_.outlets_sortid as outlets_9_20_0_ from ibs_outlets this_
2015-10-31 23:59:04.418 [Slf4jLogFilter.java:134][localhost-startStop-1][DEBUG] - {conn-10020, pstmt-20004, rs-50003} query executed. 0.793823 millis. 
select this_.devicetype_id as devicety1_14_0_, this_.devicetype_code as devicety2_14_0_, this_.devicetype_description as devicety3_14_0_ from ibs_devicetype this_
2015-10-31 23:59:04.444 [Slf4jLogFilter.java:134][localhost-startStop-1][DEBUG] - {conn-10020, pstmt-20005, rs-50004} query executed. 0.723165 millis. 
select this_.devicestatus_id as devicest1_12_0_, this_.devicestatus_code as devicest2_12_0_, this_.devicestatus_description as devicest3_12_0_ from ibs_devicestatus this_
2015-10-31 23:59:04.723 [Slf4jLogFilter.java:134][localhost-startStop-1][DEBUG] - {conn-10020, pstmt-20006, rs-50005} query executed. 1.042904 millis. 
select businessre0_.businessrecord_id as business1_4_, businessre0_.businessrecord_time as business2_4_, businessre0_.businessrecord_business as business3_4_, businessre0_.businessrecord_code as business4_4_, businessre0_.businessrecord_data as business5_4_, businessre0_.businessrecord_device as business6_4_, businessre0_.businessrecord_outlets as business7_4_ from ibs_businessrecord businessre0_ where businessre0_.businessrecord_time>=?
2015-10-31 23:59:04.729 [Slf4jLogFilter.java:134][localhost-startStop-1][DEBUG] - {conn-10020, pstmt-20003, rs-50006} query executed. 0.833297 millis. 
select this_.outlets_id as outlets_1_20_0_, this_.outlets_app as outlets_2_20_0_, this_.outlets_code as outlets_3_20_0_, this_.outlets_description as outlets_4_20_0_, this_.outlets_isparent as outlets_5_20_0_, this_.outlets_name as outlets_6_20_0_, this_.outlets_parentid as outlets_7_20_0_, this_.outlets_recordcode as outlets_8_20_0_, this_.outlets_sortid as outlets_9_20_0_ from ibs_outlets this_
2015-10-31 23:59:04.803 [Slf4jLogFilter.java:134][localhost-startStop-1][DEBUG] - {conn-10020, pstmt-20007} update executed. effort 0. 8.528368 millis. 
CALL PROC_BUSINESSRECORD_MONTH_PARTITION()
2015-10-31 23:59:04.815 [Slf4jLogFilter.java:134][localhost-startStop-1][DEBUG] - {conn-10020, pstmt-20008} update executed. effort 0. 7.480727 millis. 
CALL PROC_BUSINESSSTATISTICS_YEAR_PARTITION()
2015-10-31 23:59:05.151 [Slf4jLogFilter.java:134][localhost-startStop-1][DEBUG] - {conn-10020, pstmt-20009, rs-50007} query executed. 12.860645 millis. 
select devicestat0_.devicestatus_id as devicest1_12_, devicestat0_.devicestatus_code as devicest2_12_, devicestat0_.devicestatus_description as devicest3_12_ from ibs_devicestatus devicestat0_ where devicestat0_.devicestatus_code=?
2015-10-31 23:59:05.164 [Slf4jLogFilter.java:134][localhost-startStop-1][DEBUG] - {conn-10020, pstmt-20009, rs-50008} query executed. 0.68369 millis. 
select devicestat0_.devicestatus_id as devicest1_12_, devicestat0_.devicestatus_code as devicest2_12_, devicestat0_.devicestatus_description as devicest3_12_ from ibs_devicestatus devicestat0_ where devicestat0_.devicestatus_code=?
2015-10-31 23:59:05.180 [Slf4jLogFilter.java:134][localhost-startStop-1][DEBUG] - {conn-10020, pstmt-20010, rs-50009} query executed. 1.650805 millis. 
select device0_.device_id as device_i1_11_, device0_.device_app as device_a2_11_, device0_.device_firmware as device_f3_11_, device0_.device_ip as device_i4_11_, device0_.device_outlets as device_o5_11_, device0_.device_serial as device_s6_11_, device0_.device_status as device_s7_11_, device0_.device_type as device_t8_11_ from ibs_device device0_ where device0_.device_status=?
2015-11-01 00:00:01.237 [Slf4jLogFilter.java:134][pool-2-thread-1][DEBUG] - {conn-10020, pstmt-20007} update executed. effort 0. 1224.07917 millis. 
CALL PROC_BUSINESSRECORD_MONTH_PARTITION()
2015-11-01 00:00:01.253 [Slf4jLogFilter.java:134][pool-2-thread-1][DEBUG] - {conn-10020, pstmt-20011, rs-50010} query executed. 0.642637 millis. 
select outlets0_.outlets_id as outlets_1_20_, outlets0_.outlets_app as outlets_2_20_, outlets0_.outlets_code as outlets_3_20_, outlets0_.outlets_description as outlets_4_20_, outlets0_.outlets_isparent as outlets_5_20_, outlets0_.outlets_name as outlets_6_20_, outlets0_.outlets_parentid as outlets_7_20_, outlets0_.outlets_recordcode as outlets_8_20_, outlets0_.outlets_sortid as outlets_9_20_ from ibs_outlets outlets0_ order by outlets0_.outlets_sortid
