2022-01-01 00:00:01.235 [Slf4jLogFilter.java:134][pool-2-thread-1][DEBUG] - {conn-10020, pstmt-20002} update executed. effort 0. 1197.912217 millis. 
CALL PROC_BUSINESSRECORD_MONTH_PARTITION()
2022-01-01 00:00:01.271 [Slf4jLogFilter.java:134][pool-2-thread-1][DEBUG] - {conn-10020, pstmt-20011, rs-50010} query executed. 0.835666 millis. 
select outlets0_.outlets_id as outlets_1_20_, outlets0_.outlets_app as outlets_2_20_, outlets0_.outlets_code as outlets_3_20_, outlets0_.outlets_description as outlets_4_20_, outlets0_.outlets_isparent as outlets_5_20_, outlets0_.outlets_name as outlets_6_20_, outlets0_.outlets_parentid as outlets_7_20_, outlets0_.outlets_recordcode as outlets_8_20_, outlets0_.outlets_sortid as outlets_9_20_ from ibs_outlets outlets0_ order by outlets0_.outlets_sortid
2022-01-01 00:00:02.840 [Slf4jLogFilter.java:134][pool-2-thread-1][DEBUG] - {conn-10020, pstmt-20003} update executed. effort 0. 1563.324663 millis. 
CALL PROC_BUSINESSSTATISTICS_YEAR_PARTITION()
2015-11-12 14:02:40.374 [Slf4jLogFilter.java:134][localhost-startStop-1][DEBUG] - {conn-10020, pstmt-20000, rs-50000} query executed. 70.169635 millis. 
select businessre0_.businessrecord_id as business1_4_, businessre0_.businessrecord_time as business2_4_, businessre0_.businessrecord_business as business3_4_, businessre0_.businessrecord_code as business4_4_, businessre0_.businessrecord_data as business5_4_, businessre0_.businessrecord_device as business6_4_, businessre0_.businessrecord_outlets as business7_4_ from ibs_businessrecord businessre0_ where businessre0_.businessrecord_time>=?
2015-11-12 14:02:40.413 [Slf4jLogFilter.java:134][localhost-startStop-1][DEBUG] - {conn-10020, pstmt-20001, rs-50001} query executed. 1.708037 millis. 
select this_.outlets_id as outlets_1_20_0_, this_.outlets_app as outlets_2_20_0_, this_.outlets_code as outlets_3_20_0_, this_.outlets_description as outlets_4_20_0_, this_.outlets_isparent as outlets_5_20_0_, this_.outlets_name as outlets_6_20_0_, this_.outlets_parentid as outlets_7_20_0_, this_.outlets_recordcode as outlets_8_20_0_, this_.outlets_sortid as outlets_9_20_0_ from ibs_outlets this_
2015-11-12 14:02:40.487 [Slf4jLogFilter.java:134][localhost-startStop-1][DEBUG] - {conn-10020, pstmt-20002, rs-50002} query executed. 1.31014 millis. 
select this_.serverinfo_id as serverin1_22_0_, this_.serverinfo_firststartuptime as serverin2_22_0_, this_.serverinfo_laststartuptime as serverin3_22_0_, this_.serverinfo_laststatisticstime as serverin4_22_0_ from ibs_serverinfo this_
2015-11-12 14:02:40.525 [Slf4jLogFilter.java:134][localhost-startStop-1][DEBUG] - {conn-10020, pstmt-20003, rs-50003} query executed. 1.456982 millis. 
select this_.business_id as business1_3_0_, this_.business_app as business2_3_0_, this_.business_code as business3_3_0_, this_.business_feature as business4_3_0_, this_.business_isparent as business5_3_0_, this_.business_name as business6_3_0_, this_.business_parentid as business7_3_0_, this_.business_sortid as business8_3_0_ from ibs_business this_
2015-11-12 14:02:40.583 [Slf4jLogFilter.java:134][localhost-startStop-1][DEBUG] - {conn-10020, pstmt-20001, rs-50004} query executed. 1.110401 millis. 
select this_.outlets_id as outlets_1_20_0_, this_.outlets_app as outlets_2_20_0_, this_.outlets_code as outlets_3_20_0_, this_.outlets_description as outlets_4_20_0_, this_.outlets_isparent as outlets_5_20_0_, this_.outlets_name as outlets_6_20_0_, this_.outlets_parentid as outlets_7_20_0_, this_.outlets_recordcode as outlets_8_20_0_, this_.outlets_sortid as outlets_9_20_0_ from ibs_outlets this_
2015-11-12 14:02:40.618 [Slf4jLogFilter.java:134][localhost-startStop-1][DEBUG] - {conn-10020, pstmt-20004, rs-50005} query executed. 1.248955 millis. 
select this_.devicetype_id as devicety1_14_0_, this_.devicetype_code as devicety2_14_0_, this_.devicetype_description as devicety3_14_0_ from ibs_devicetype this_
2015-11-12 14:02:40.639 [Slf4jLogFilter.java:134][localhost-startStop-1][DEBUG] - {conn-10020, pstmt-20005, rs-50006} query executed. 0.837242 millis. 
select this_.devicestatus_id as devicest1_12_0_, this_.devicestatus_code as devicest2_12_0_, this_.devicestatus_description as devicest3_12_0_ from ibs_devicestatus this_
2015-11-12 14:02:40.698 [Slf4jLogFilter.java:134][localhost-startStop-1][DEBUG] - {conn-10020, pstmt-20006, rs-50007} query executed. 29.470442 millis. 
select devicestat0_.devicestatus_id as devicest1_12_, devicestat0_.devicestatus_code as devicest2_12_, devicestat0_.devicestatus_description as devicest3_12_ from ibs_devicestatus devicestat0_ where devicestat0_.devicestatus_code=?
2015-11-12 14:02:40.711 [Slf4jLogFilter.java:134][localhost-startStop-1][DEBUG] - {conn-10020, pstmt-20006, rs-50008} query executed. 7.184254 millis. 
select devicestat0_.devicestatus_id as devicest1_12_, devicestat0_.devicestatus_code as devicest2_12_, devicestat0_.devicestatus_description as devicest3_12_ from ibs_devicestatus devicestat0_ where devicestat0_.devicestatus_code=?
2015-11-12 14:02:40.808 [Slf4jLogFilter.java:134][localhost-startStop-1][DEBUG] - {conn-10020, pstmt-20007, rs-50009} query executed. 85.422754 millis. 
select device0_.device_id as device_i1_11_, device0_.device_app as device_a2_11_, device0_.device_firmware as device_f3_11_, device0_.device_ip as device_i4_11_, device0_.device_outlets as device_o5_11_, device0_.device_serial as device_s6_11_, device0_.device_status as device_s7_11_, device0_.device_type as device_t8_11_ from ibs_device device0_ where device0_.device_status=?
2015-11-12 14:02:43.630 [Slf4jLogFilter.java:134][localhost-startStop-1][DEBUG] - {conn-10020, pstmt-20008} update executed. effort 0. 2554.788226 millis. 
CALL PROC_BUSINESSRECORD_MONTH_PARTITION()
2015-11-12 14:02:43.641 [Slf4jLogFilter.java:134][localhost-startStop-1][DEBUG] - {conn-10020, pstmt-20009} update executed. effort 0. 7.779521 millis. 
CALL PROC_BUSINESSSTATISTICS_YEAR_PARTITION()
2015-11-12 14:03:24.320 [Slf4jLogFilter.java:134][http-apr-80-exec-9][DEBUG] - {conn-10020, pstmt-20010, rs-50010} query executed. 22.027239 millis. 
select user0_.user_id as user_id1_26_, user0_.user_isadmin as user_isa2_26_, user0_.user_name as user_nam3_26_, user0_.user_password as user_pas4_26_, user0_.user_uid as user_uid5_26_ from ibs_user user0_ where user0_.user_uid=?
2015-11-12 14:03:24.325 [Slf4jLogFilter.java:134][http-apr-80-exec-9][DEBUG] - {conn-10020, pstmt-20010, rs-50011} query executed. 0.618951 millis. 
select user0_.user_id as user_id1_26_, user0_.user_isadmin as user_isa2_26_, user0_.user_name as user_nam3_26_, user0_.user_password as user_pas4_26_, user0_.user_uid as user_uid5_26_ from ibs_user user0_ where user0_.user_uid=?
2015-11-12 14:03:24.772 [Slf4jLogFilter.java:134][http-apr-80-exec-2][DEBUG] - {conn-10020, pstmt-20011, rs-50012} query executed. 35.207187 millis. 
select function0_.function_id as function1_19_, function0_.function_icon as function2_19_, function0_.function_isparent as function3_19_, function0_.function_name as function4_19_, function0_.function_parentid as function5_19_, function0_.function_sortid as function6_19_, function0_.function_target as function7_19_, function0_.function_url as function8_19_ from ibs_function function0_ cross join ibs_authority authority1_ where function0_.function_id=authority1_.authority_functionid and authority1_.authority_userid=? order by function0_.function_sortid
2015-11-12 14:03:25.077 [Slf4jLogFilter.java:134][http-apr-80-exec-4][DEBUG] - {conn-10020, pstmt-20012, rs-50013} query executed. 0.576714 millis. 
select count(*) as col_0_0_ from ibs_outlets outlets0_ where outlets0_.outlets_isparent<>1
2015-11-12 14:03:25.162 [Slf4jLogFilter.java:134][http-apr-80-exec-5][DEBUG] - {conn-10020, pstmt-20013, rs-50014} query executed. 49.625432 millis. 
select count(*) as col_0_0_ from ibs_device device0_
2015-11-12 14:03:25.190 [Slf4jLogFilter.java:134][http-apr-80-exec-6][DEBUG] - {conn-10020, pstmt-20014, rs-50015} query executed. 0.585398 millis. 
select count(*) as col_0_0_ from ibs_business business0_ where business0_.business_isparent<>1
2015-11-12 14:03:25.355 [Slf4jLogFilter.java:134][http-apr-80-exec-7][DEBUG] - {conn-10020, pstmt-20015, rs-50016} query executed. 57.176793 millis. 
select businessst0_.businessstatistics_date as col_0_0_, sum(businessst0_.businessstatistics_count) as col_1_0_ from ibs_businessstatistics businessst0_ where businessst0_.businessstatistics_date between ? and ? group by businessst0_.businessstatistics_date
